{ "msg_showcmd", "sl:1", "tick:49", false, { { 0, ":" } } }
{ "cmdline_show", "sl:1", "tick:50", "mode:c", { { 0, "" } } }
{ "cmdline_show", "sl:1", "tick:53", "mode:c", { { 0, "s" } } }
{ "cmdline_show", "sl:1", "tick:55", "mode:c", { { 0, "s/" } } }
{ "cmdline_hide", "sl:1", "tick:57", false, 1 }
{ "msg_show", "sl:1", "tick:58", false, "emsg" }
{ "msg_showcmd", "sl:1", "tick:60", false, { { 0, ":" } } }
{ "cmdline_show", "sl:1", "tick:61", "cmdline", { { 0, "" } } }
{ "cmdline_show", "sl:1", "tick:64", "mode:c", { { 0, "n" } } }
{ "cmdline_show", "sl:1", "tick:66", "mode:c", { { 0, "no" } } }
{ "cmdline_show", "sl:1", "tick:68", "mode:c", { { 0, "noi" } } }
{ "cmdline_show", "sl:1", "tick:70", "mode:c", { { 0, "noic" } } }
{ "cmdline_show", "sl:1", "tick:72", "mode:c", { { 0, "noice" } } }
{ "cmdline_show", "sl:1", "tick:74", "mode:c", { { 0, "noic" } } }
{ "cmdline_show", "sl:1", "tick:76", "mode:c", { { 0, "noi" } } }
{ "cmdline_show", "sl:1", "tick:78", "mode:c", { { 0, "no" } } }
{ "cmdline_show", "sl:1", "tick:80", "mode:c", { { 0, "n" } } }
{ "cmdline_show", "sl:1", "tick:82", "mode:c", { { 0, "" } } }
{ "cmdline_show", "sl:1", "tick:84", "mode:c", { { 0, "N" } } }
{ "cmdline_show", "sl:1", "tick:86", "mode:c", { { 0, "No" } } }
{ "cmdline_show", "sl:1", "tick:88", "mode:c", { { 0, "Noi" } } }
{ "cmdline_show", "sl:1", "tick:90", "mode:c", { { 0, "Noic" } } }
{ "cmdline_show", "sl:1", "tick:92", "mode:c", { { 0, "Noice" } } }
{ "cmdline_show", "sl:1", "tick:94", "mode:c", { { 0, "Noice " } } }
{ "cmdline_show", "sl:1", "tick:96", "mode:c", { { 0, "Noice dismiss" } } }
{ "cmdline_show", "sl:1", "tick:98", "mode:c", { { 0, "Noice errors" } } }
{ "cmdline_show", "sl:1", "tick:100", "mode:c", { { 0, "Noice fzf" } } }
{ "cmdline_show", "sl:1", "tick:102", "mode:c", { { 0, "Noice routes" } } }
{ "cmdline_show", "sl:1", "tick:104", "mode:c", { { 0, "Noice debug" } } }
{ "cmdline_show", "sl:1", "tick:106", "mode:c", { { 0, "Noice telescope" } } }
{ "cmdline_show", "sl:1", "tick:108", "mode:c", { { 0, "Noice enable" } } }
{ "cmdline_show", "sl:1", "tick:110", "mode:c", { { 0, "Noice log" } } }
{ "cmdline_hide", "sl:1", "tick:112", false, 1 }
{ "msg_showcmd", "sl:1", "tick:113", false, { { 0, "G" } } }
{ "msg_showcmd", "sl:1", "tick:115", false, { { 0, "~@k" } } }
{ "msg_showcmd", "sl:1", "tick:117", false, { { 0, "~@k" } } }
{ "msg_showcmd", "sl:1", "tick:119", false, { { 0, "~@k" } } }
{ "msg_showcmd", "sl:1", "tick:121", false, { { 0, "~@k" } } }
{ "msg_showcmd", "sl:1", "tick:123", false, { { 0, "~@k" } } }
{ "msg_showcmd", "sl:1", "tick:125", false, { { 0, "~@k" } } }
{ "msg_showcmd", "sl:1", "tick:127", false, { { 0, "~@k" } } }
{ "msg_showcmd", "sl:1", "tick:129", false, { { 0, "~@k" } } }
{ "msg_showcmd", "sl:1", "tick:131", false, { { 0, "~@k" } } }
{ "msg_showcmd", "sl:1", "tick:133", false, { { 0, "~@k" } } }
{ "msg_showcmd", "sl:1", "tick:135", false, { { 0, "~@k" } } }
{ "msg_showcmd", "sl:1", "tick:137", false, { { 0, "~@k" } } }
{ "msg_showcmd", "sl:1", "tick:139", false, { { 0, "~@k" } } }
{ "msg_showcmd", "sl:1", "tick:141", false, { { 0, "~@@" } } }
{ "msg_showcmd", "sl:1", "tick:143", false, { { 0, "~@k" } } }
{ "msg_showcmd", "sl:1", "tick:145", false, { { 0, "~@k" } } }
{ "msg_showcmd", "sl:1", "tick:147", false, { { 0, "~@k" } } }
{ "msg_showcmd", "sl:1", "tick:149", false, { { 0, "~@k" } } }
{ "msg_showcmd", "sl:1", "tick:151", false, { { 0, "~@k" } } }
{ "msg_showcmd", "sl:1", "tick:153", false, { { 0, "~@k" } } }
{ "msg_showcmd", "sl:1", "tick:155", false, { { 0, "~@k" } } }
{ "msg_showcmd", "sl:1", "tick:157", false, { { 0, "~@k" } } }
{ "msg_showcmd", "sl:1", "tick:159", false, { { 0, "~@k" } } }
{ "msg_showcmd", "sl:1", "tick:161", false, { { 0, "~@k" } } }
{ "msg_showcmd", "sl:1", "tick:163", false, { { 0, "~@k" } } }
{ "msg_showcmd", "sl:1", "tick:165", false, { { 0, "~@k" } } }
{ "msg_showcmd", "sl:1", "tick:167", false, { { 0, "~@k" } } }
{ "msg_showcmd", "sl:1", "tick:169", false, { { 0, "g" } } }
{ "msg_showcmd", "sl:1", "tick:170", false, { { 0, "gg" } } }
{ "msg_showcmd", "sl:1", "tick:172", false, { { 0, "~@k" } } }
{ "msg_showcmd", "sl:1", "tick:174", false, { { 0, "~@k" } } }
{ "msg_showcmd", "sl:1", "tick:176", false, { { 0, "~@k" } } }
{ "msg_showcmd", "sl:1", "tick:178", false, { { 0, "~@k" } } }
{ "msg_showcmd", "sl:1", "tick:180", false, { { 0, "~@k" } } }
{ "msg_showcmd", "sl:1", "tick:182", false, { { 0, "~@k" } } }
{ "msg_showcmd", "sl:1", "tick:184", false, { { 0, "~@k" } } }
{ "msg_showcmd", "sl:1", "tick:186", false, { { 0, "~@k" } } }
{ "msg_showcmd", "sl:1", "tick:188", false, { { 0, "~@k" } } }
{ "msg_showcmd", "sl:1", "tick:190", false, { { 0, "~@k" } } }
{ "msg_showcmd", "sl:1", "tick:192", false, { { 0, "~@@" } } }
{ "msg_showcmd", "sl:1", "tick:194", false, { { 0, "<20>" } } }
{ "msg_showcmd", "sl:1", "tick:48", false, { { 0, ":" } } }
{ "cmdline_show", "sl:1", "tick:49", "mode:c", { { 0, "" } } }
{ "cmdline_show", "sl:1", "tick:52", "mode:c", { { 0, "" } } }
{ "cmdline_show", "sl:1", "tick:54", "mode:c", { { 223, "n" } } }
{ "cmdline_show", "sl:1", "tick:56", "mode:c", { { 223, "ne" } } }
{ "cmdline_show", "sl:1", "tick:58", "mode:c", { { 223, "nel" } } }
{ "cmdline_show", "sl:1", "tick:60", "mode:c", { { 223, "nell" } } }
{ "cmdline_show", "sl:1", "tick:62", "mode:c", { { 223, "nel" } } }
{ "cmdline_show", "sl:1", "tick:64", "mode:c", { { 223, "ne" } } }
{ "cmdline_show", "sl:1", "tick:66", "mode:c", { { 223, "n" } } }
{ "cmdline_show", "sl:1", "tick:68", "mode:c", { { 0, "" } } }
{ "cmdline_hide", "sl:1", "tick:70", "mode:c", 2 }
{ "cmdline_show", "sl:1", "tick:72", "mode:c", { { 0, "" } } }
{ "cmdline_show", "sl:1", "tick:74", "mode:c", { { 223, "h" } } }
{ "cmdline_show", "sl:1", "tick:76", "mode:c", { { 223, "he" } } }
{ "cmdline_show", "sl:1", "tick:78", "mode:c", { { 223, "hel" } } }
{ "cmdline_show", "sl:1", "tick:80", "mode:c", { { 223, "hell" } } }
{ "cmdline_show", "sl:1", "tick:82", "mode:c", { { 223, "hello" } } }
{ "cmdline_hide", "sl:1", "tick:84", "mode:c", 2 }
{ "cmdline_hide", "sl:1", "tick:86", false, 1 }
{ "msg_showcmd", "sl:1", "tick:87", false, { { 0, ":" } } }
{ "cmdline_show", "sl:1", "tick:88", "mode:c", { { 0, "" } } }
{ "cmdline_show", "sl:1", "tick:91", "mode:c", { { 0, "m" } } }
{ "cmdline_show", "sl:1", "tick:93", "mode:c", { { 0, "messages" } } }
{ "cmdline_hide", "sl:1", "tick:95", false, 1 }
{ "msg_showcmd", "sl:1", "tick:96", false, { { 0, ":" } } }
{ "cmdline_show", "sl:1", "tick:97", "mode:c", { { 0, "" } } }
{ "cmdline_show", "sl:1", "tick:100", "mode:c", { { 0, "" } } }
{ "cmdline_hide", "sl:1", "tick:102", "mode:c", 2 }
{ "cmdline_hide", "sl:1", "tick:104", false, 1 }
{ "msg_showcmd", "sl:1", "tick:105", false, { { 0, "<20>" } } }
